<?xml version="1.0" encoding="UTF-8"?>
<!-- Generated by org.testng.reporters.JUnitReportReporter -->
<testsuite hostname="DESKTOP-BKA21KO" failures="0" tests="2" name="com.test.TestParallel.RunnerTests" time="6.282" errors="0" timestamp="2022-06-15T16:49:31 IST" skipped="0">
  <testcase classname="com.test.TestParallel.RunnerTests" name="runScenario" time="3.141"/>
  <system-out/>
  <testcase classname="com.test.TestParallel.RunnerTests" name="runScenario" time="3.141"/>
  <system-out/>
</testsuite> <!-- com.test.TestParallel.RunnerTests -->
